<?xml version="1.0" encoding="UTF-8"?>
<testsuite xmlns:xsi="http://www.w3.org/2001/XMLSchema-instance" xsi:noNamespaceSchemaLocation="https://maven.apache.org/surefire/maven-surefire-plugin/xsd/surefire-test-report-3.0.xsd" version="3.0" name="com.axa.warehouse.ProdukteverwaltungApplicationTests" time="16.466" tests="1" errors="0" skipped="0" failures="0">
  <properties>
[...]
</properties>
  <testcase name="contextLoads" classname="com.axa.warehouse.ProdukteverwaltungApplicationTests" time="1.079">
    <system-out><![CDATA[13:12:40.660 [main] INFO org.springframework.test.context.support.AnnotationConfigContextLoaderUtils -- Could not detect default configuration classes for test class [com.axa.warehouse.ProdukteverwaltungApplicationTests]: ProdukteverwaltungApplicationTests does not declare any static, non-private, non-final, nested classes annotated with @Configuration.
13:12:41.140 [main] INFO org.springframework.boot.test.context.SpringBootTestContextBootstrapper -- Found @SpringBootConfiguration com.axa.warehouse.WarehouseApplication for test class com.axa.warehouse.ProdukteverwaltungApplicationTests
  .   ____          _            __ _ _
 /\\ / ___'_ __ _ _(_)_ __  __ _ \ \ \ \
( ( )\___ | '_ | '_| | '_ \/ _` | \ \ \ \
 \\/  ___)| |_)| | | | | || (_| |  ) ) ) )
  '  |____| .__|_| |_|_| |_\__, | / / / /
 =========|_|==============|___/=/_/_/_/

 :: Spring Boot ::                (v3.3.0)

2024-06-07T13:12:42.785+02:00  INFO 12528 --- [warehouse] [           main] c.a.w.ProdukteverwaltungApplicationTests : Starting ProdukteverwaltungApplicationTests using Java 21.0.2 with PID 12528 (started by severin in C:\Users\sever\OneDrive\Documents\Schaffe\Warehouse)
2024-06-07T13:12:42.788+02:00  INFO 12528 --- [warehouse] [           main] c.a.w.ProdukteverwaltungApplicationTests : No active profile set, falling back to 1 default profile: "default"
2024-06-07T13:12:45.275+02:00  INFO 12528 --- [warehouse] [           main] .s.d.r.c.RepositoryConfigurationDelegate : Bootstrapping Spring Data JPA repositories in DEFAULT mode.
2024-06-07T13:12:45.549+02:00  INFO 12528 --- [warehouse] [           main] .s.d.r.c.RepositoryConfigurationDelegate : Finished Spring Data repository scanning in 219 ms. Found 2 JPA repository interfaces.
2024-06-07T13:12:46.945+02:00  INFO 12528 --- [warehouse] [           main] com.zaxxer.hikari.HikariDataSource       : HikariPool-1 - Starting...
2024-06-07T13:12:47.686+02:00  INFO 12528 --- [warehouse] [           main] com.zaxxer.hikari.pool.HikariPool        : HikariPool-1 - Added connection conn0: url=jdbc:h2:mem:warehouse user=SA
2024-06-07T13:12:47.694+02:00  INFO 12528 --- [warehouse] [           main] com.zaxxer.hikari.HikariDataSource       : HikariPool-1 - Start completed.
2024-06-07T13:12:48.184+02:00  INFO 12528 --- [warehouse] [           main] o.hibernate.jpa.internal.util.LogHelper  : HHH000204: Processing PersistenceUnitInfo [name: default]
2024-06-07T13:12:48.436+02:00  INFO 12528 --- [warehouse] [           main] org.hibernate.Version                    : HHH000412: Hibernate ORM core version 6.5.2.Final
2024-06-07T13:12:48.550+02:00  INFO 12528 --- [warehouse] [           main] o.h.c.internal.RegionFactoryInitiator    : HHH000026: Second-level cache disabled
2024-06-07T13:12:49.766+02:00  INFO 12528 --- [warehouse] [           main] o.s.o.j.p.SpringPersistenceUnitInfo      : No LoadTimeWeaver setup: ignoring JPA class transformer
2024-06-07T13:12:49.923+02:00  WARN 12528 --- [warehouse] [           main] org.hibernate.orm.deprecation            : HHH90000025: H2Dialect does not need to be specified explicitly using 'hibernate.dialect' (remove the property setting and it will be selected by default)
2024-06-07T13:12:52.190+02:00  INFO 12528 --- [warehouse] [           main] o.h.e.t.j.p.i.JtaPlatformInitiator       : HHH000489: No JTA platform available (set 'hibernate.transaction.jta.platform' to enable JTA platform integration)
2024-06-07T13:12:52.239+02:00  INFO 12528 --- [warehouse] [           main] j.LocalContainerEntityManagerFactoryBean : Initialized JPA EntityManagerFactory for persistence unit 'default'
2024-06-07T13:12:52.967+02:00  WARN 12528 --- [warehouse] [           main] r$InitializeUserDetailsManagerConfigurer : Found 2 UserDetailsService beans, with names [customUserDetailsService, userDetailsService]. Global Authentication Manager will not use a UserDetailsService for username/password login. Consider publishing a single UserDetailsService bean.
2024-06-07T13:12:52.968+02:00 DEBUG 12528 --- [warehouse] [           main] swordEncoderAuthenticationManagerBuilder : No authenticationProviders and no parentAuthenticationManager defined. Returning null.
2024-06-07T13:12:53.088+02:00  WARN 12528 --- [warehouse] [           main] JpaBaseConfiguration$JpaWebConfiguration : spring.jpa.open-in-view is enabled by default. Therefore, database queries may be performed during view rendering. Explicitly configure spring.jpa.open-in-view to disable this warning
2024-06-07T13:12:53.914+02:00  INFO 12528 --- [warehouse] [           main] o.s.s.web.DefaultSecurityFilterChain     : Will secure any request with [org.springframework.security.web.session.DisableEncodeUrlFilter@27c49f54, org.springframework.security.web.context.request.async.WebAsyncManagerIntegrationFilter@69efdfd9, org.springframework.security.web.context.SecurityContextHolderFilter@220d7eb7, org.springframework.security.web.header.HeaderWriterFilter@1516f497, org.springframework.web.filter.CorsFilter@1c149539, org.springframework.security.web.authentication.logout.LogoutFilter@2162598, com.axa.warehouse.authentication.JwtRequestFilter@4c6fe482, org.springframework.security.web.savedrequest.RequestCacheAwareFilter@1eda12b3, org.springframework.security.web.servletapi.SecurityContextHolderAwareRequestFilter@6fe33512, org.springframework.security.web.authentication.AnonymousAuthenticationFilter@4a5c6b30, org.springframework.security.web.session.SessionManagementFilter@489c15e2, org.springframework.security.web.access.ExceptionTranslationFilter@5bc44d78, org.springframework.security.web.access.intercept.AuthorizationFilter@16eb01d4]
2024-06-07T13:12:54.708+02:00  INFO 12528 --- [warehouse] [           main] c.a.w.ProdukteverwaltungApplicationTests : Started ProdukteverwaltungApplicationTests in 12.781 seconds (process running for 17.171)
Rollen in der Datenbank:
Hibernate: select r1_0.id,r1_0.name from app_role r1_0
Role: ROLE_USER
Role: ROLE_ADMIN
Role: ROLE_STAFF_MEMBER
Role: ROLE_ASSISTANT_MANAGER
Role: ROLE_MANAGER

Benutzer in der Datenbank:
Hibernate: select u1_0.id,u1_0.password,u1_0.username from app_user u1_0
Hibernate: select r1_0.user_id,r1_1.id,r1_1.name from app_user_roles r1_0 join app_role r1_1 on r1_1.id=r1_0.role_id where r1_0.user_id=?
Hibernate: select r1_0.user_id,r1_1.id,r1_1.name from app_user_roles r1_0 join app_role r1_1 on r1_1.id=r1_0.role_id where r1_0.user_id=?
Hibernate: select r1_0.user_id,r1_1.id,r1_1.name from app_user_roles r1_0 join app_role r1_1 on r1_1.id=r1_0.role_id where r1_0.user_id=?
Username: user1, Roles: ROLE_USER, ROLE_ADMIN
Username: user2, Roles: ROLE_STAFF_MEMBER
Username: user3, Roles: ROLE_STAFF_MEMBER, ROLE_ASSISTANT_MANAGER
]]></system-out>
    <system-err><![CDATA[WARNING: A Java agent has been loaded dynamically (C:\Users\sever\.m2\repository\net\bytebuddy\byte-buddy-agent\1.14.16\byte-buddy-agent-1.14.16.jar)
WARNING: If a serviceability tool is in use, please run with -XX:+EnableDynamicAgentLoading to hide this warning
WARNING: If a serviceability tool is not in use, please run with -Djdk.instrument.traceUsage for more information
WARNING: Dynamic loading of agents will be disallowed by default in a future release
]]></system-err>
  </testcase>
</testsuite>